<?xml version="1.0" encoding="UTF-8" ?>
<testsuite failures="0" time="0.038" errors="0" skipped="0" tests="5" name="es.upm.dit.gsi.shanks.model.failure.FailureTest">
  <properties>
[...]
</properties>
  <testcase time="0" classname="es.upm.dit.gsi.shanks.model.failure.FailureTest" name="createFailureAndNoActiveIt"/>
  <testcase time="0" classname="es.upm.dit.gsi.shanks.model.failure.FailureTest" name="createFailureAndActiveIt"/>
  <testcase time="0" classname="es.upm.dit.gsi.shanks.model.failure.FailureTest" name="createFailureAndDeactiveIt"/>
  <testcase time="0" classname="es.upm.dit.gsi.shanks.model.failure.FailureTest" name="createFailureAndAddNonPossibleElement"/>
  <testcase time="0" classname="es.upm.dit.gsi.shanks.model.failure.FailureTest" name="createFailureAndResolveIt"/>
</testsuite>